<?xml version="1.0" encoding="UTF-8"?>
<testsuite name="com.example.team.mission2.repository.CategoryRepositoryTest" tests="1" skipped="0" failures="0" errors="0" timestamp="2021-06-10T15:33:02" hostname="DESKTOP-03OQL8T" time="0.909">
  <properties/>
  <testcase name="readAll" classname="com.example.team.mission2.repository.CategoryRepositoryTest" time="0.909"/>
  <system-out><![CDATA[00:32:55.471 [Test worker] DEBUG org.springframework.test.annotation.ProfileValueUtils - Retrieved @ProfileValueSourceConfiguration [null] for test class [com.example.team.mission2.repository.CategoryRepositoryTest]
00:32:55.471 [Test worker] DEBUG org.springframework.test.annotation.ProfileValueUtils - Retrieved ProfileValueSource type [class org.springframework.test.annotation.SystemProfileValueSource] for class [com.example.team.mission2.repository.CategoryRepositoryTest]
00:32:55.472 [Test worker] DEBUG org.springframework.test.annotation.ProfileValueUtils - Retrieved @ProfileValueSourceConfiguration [null] for test class [com.example.team.mission2.repository.CategoryRepositoryTest]
00:32:55.472 [Test worker] DEBUG org.springframework.test.annotation.ProfileValueUtils - Retrieved ProfileValueSource type [class org.springframework.test.annotation.SystemProfileValueSource] for class [com.example.team.mission2.repository.CategoryRepositoryTest]
00:32:55.479 [Test worker] DEBUG org.springframework.test.context.support.AbstractDirtiesContextTestExecutionListener - Before test class: context [DefaultTestContext@738f1cfb testClass = CategoryRepositoryTest, testInstance = [null], testMethod = [null], testException = [null], mergedContextConfiguration = [WebMergedContextConfiguration@39f3e6a0 testClass = CategoryRepositoryTest, locations = '{}', classes = '{class com.example.team.mission2.Mission2Application}', contextInitializerClasses = '[]', activeProfiles = '{}', propertySourceLocations = '{}', propertySourceProperties = '{org.springframework.boot.test.context.SpringBootTestContextBootstrapper=true}', contextCustomizers = set[org.springframework.boot.test.autoconfigure.actuate.metrics.MetricsExportContextCustomizerFactory$DisableMetricExportContextCustomizer@68288cc3, org.springframework.boot.test.autoconfigure.properties.PropertyMappingContextCustomizer@0, org.springframework.boot.test.autoconfigure.web.servlet.WebDriverContextCustomizerFactory$Customizer@752b06ea, org.springframework.boot.test.context.filter.ExcludeFilterContextCustomizer@5f72b749, org.springframework.boot.test.json.DuplicateJsonObjectContextCustomizerFactory$DuplicateJsonObjectContextCustomizer@b8e18ae, org.springframework.boot.test.mock.mockito.MockitoContextCustomizer@0, org.springframework.boot.test.web.client.TestRestTemplateContextCustomizer@5348801f, org.springframework.boot.test.context.SpringBootTestArgs@1, org.springframework.boot.test.context.SpringBootTestWebEnvironment@70b1e217], resourceBasePath = 'src/main/webapp', contextLoader = 'org.springframework.boot.test.context.SpringBootContextLoader', parent = [null]], attributes = map['org.springframework.test.context.web.ServletTestExecutionListener.activateListener' -> true]], class annotated with @DirtiesContext [false] with mode [null].
00:32:55.483 [Test worker] DEBUG org.springframework.test.annotation.ProfileValueUtils - Retrieved @ProfileValueSourceConfiguration [null] for test class [com.example.team.mission2.repository.CategoryRepositoryTest]
00:32:55.483 [Test worker] DEBUG org.springframework.test.annotation.ProfileValueUtils - Retrieved ProfileValueSource type [class org.springframework.test.annotation.SystemProfileValueSource] for class [com.example.team.mission2.repository.CategoryRepositoryTest]
00:32:55.514 [Test worker] DEBUG org.springframework.test.context.support.TestPropertySourceUtils - Adding inlined properties to environment: {spring.jmx.enabled=false, org.springframework.boot.test.context.SpringBootTestContextBootstrapper=true}

  .   ____          _            __ _ _
 /\\ / ___'_ __ _ _(_)_ __  __ _ \ \ \ \
( ( )\___ | '_ | '_| | '_ \/ _` | \ \ \ \
 \\/  ___)| |_)| | | | | || (_| |  ) ) ) )
  '  |____| .__|_| |_|_| |_\__, | / / / /
 =========|_|==============|___/=/_/_/_/
 :: Spring Boot ::                (v2.5.0)

2021-06-11 00:32:56.106  INFO 7112 --- [    Test worker] c.e.t.m.r.CategoryRepositoryTest         : Starting CategoryRepositoryTest using Java 11.0.11 on DESKTOP-03OQL8T with PID 7112 (started by Pc in C:\Users\Pc\Desktop\업무\ab2-3_mission_2)
2021-06-11 00:32:56.109  INFO 7112 --- [    Test worker] c.e.t.m.r.CategoryRepositoryTest         : No active profile set, falling back to default profiles: default
2021-06-11 00:32:57.543  INFO 7112 --- [    Test worker] .s.d.r.c.RepositoryConfigurationDelegate : Bootstrapping Spring Data JPA repositories in DEFAULT mode.
2021-06-11 00:32:57.581  INFO 7112 --- [    Test worker] .s.d.r.c.RepositoryConfigurationDelegate : Finished Spring Data repository scanning in 20 ms. Found 0 JPA repository interfaces.
2021-06-11 00:32:58.619  INFO 7112 --- [    Test worker] o.hibernate.jpa.internal.util.LogHelper  : HHH000204: Processing PersistenceUnitInfo [name: default]
2021-06-11 00:32:58.739  INFO 7112 --- [    Test worker] org.hibernate.Version                    : HHH000412: Hibernate ORM core version 5.4.31.Final
2021-06-11 00:32:58.961  INFO 7112 --- [    Test worker] o.hibernate.annotations.common.Version   : HCANN000001: Hibernate Commons Annotations {5.1.2.Final}
2021-06-11 00:32:59.165  INFO 7112 --- [    Test worker] com.zaxxer.hikari.HikariDataSource       : HikariPool-1 - Starting...
2021-06-11 00:32:59.294  INFO 7112 --- [    Test worker] com.zaxxer.hikari.HikariDataSource       : HikariPool-1 - Start completed.
2021-06-11 00:32:59.354  INFO 7112 --- [    Test worker] org.hibernate.dialect.Dialect            : HHH000400: Using dialect: org.hibernate.dialect.H2Dialect
2021-06-11 00:33:00.181 DEBUG 7112 --- [    Test worker] org.hibernate.SQL                        : 
    
    drop table if exists categorytbl CASCADE 
2021-06-11 00:33:00.182 DEBUG 7112 --- [    Test worker] org.hibernate.SQL                        : 
    
    drop table if exists member CASCADE 
2021-06-11 00:33:00.183 DEBUG 7112 --- [    Test worker] org.hibernate.SQL                        : 
    
    drop sequence if exists hibernate_sequence
2021-06-11 00:33:00.186 DEBUG 7112 --- [    Test worker] org.hibernate.SQL                        : create sequence hibernate_sequence start with 1 increment by 1
2021-06-11 00:33:00.188 DEBUG 7112 --- [    Test worker] org.hibernate.SQL                        : 
    
    create table categorytbl (
       id bigint not null,
        a varchar(255),
        b varchar(255),
        c varchar(255),
        d varchar(255),
        primary key (id)
    )
2021-06-11 00:33:00.190 DEBUG 7112 --- [    Test worker] org.hibernate.SQL                        : 
    
    create table member (
       id bigint not null,
        username varchar(255),
        primary key (id)
    )
2021-06-11 00:33:00.193  INFO 7112 --- [    Test worker] o.h.e.t.j.p.i.JtaPlatformInitiator       : HHH000490: Using JtaPlatform implementation: [org.hibernate.engine.transaction.jta.platform.internal.NoJtaPlatform]
2021-06-11 00:33:00.202  INFO 7112 --- [    Test worker] j.LocalContainerEntityManagerFactoryBean : Initialized JPA EntityManagerFactory for persistence unit 'default'
2021-06-11 00:33:00.647  WARN 7112 --- [    Test worker] JpaBaseConfiguration$JpaWebConfiguration : spring.jpa.open-in-view is enabled by default. Therefore, database queries may be performed during view rendering. Explicitly configure spring.jpa.open-in-view to disable this warning
2021-06-11 00:33:01.515  WARN 7112 --- [    Test worker] ion$DefaultTemplateResolverConfiguration : Cannot find template location: classpath:/templates/ (please add some templates or check your Thymeleaf configuration)
2021-06-11 00:33:01.982  INFO 7112 --- [    Test worker] c.e.t.m.r.CategoryRepositoryTest         : Started CategoryRepositoryTest in 6.459 seconds (JVM running for 8.151)
2021-06-11 00:33:02.149  INFO 7112 --- [    Test worker] o.s.b.a.ApplicationAvailabilityBean      : Application availability state LivenessState changed to CORRECT
2021-06-11 00:33:02.235  INFO 7112 --- [    Test worker] o.s.b.a.ApplicationAvailabilityBean      : Application availability state ReadinessState changed to ACCEPTING_TRAFFIC
2021-06-11 00:33:02.664  INFO 7112 --- [    Test worker] o.s.t.c.transaction.TransactionContext   : Began transaction (1) for test context [DefaultTestContext@738f1cfb testClass = CategoryRepositoryTest, testInstance = com.example.team.mission2.repository.CategoryRepositoryTest@536abca8, testMethod = readAll@CategoryRepositoryTest, testException = [null], mergedContextConfiguration = [WebMergedContextConfiguration@39f3e6a0 testClass = CategoryRepositoryTest, locations = '{}', classes = '{class com.example.team.mission2.Mission2Application}', contextInitializerClasses = '[]', activeProfiles = '{}', propertySourceLocations = '{}', propertySourceProperties = '{org.springframework.boot.test.context.SpringBootTestContextBootstrapper=true}', contextCustomizers = set[org.springframework.boot.test.autoconfigure.actuate.metrics.MetricsExportContextCustomizerFactory$DisableMetricExportContextCustomizer@68288cc3, org.springframework.boot.test.autoconfigure.properties.PropertyMappingContextCustomizer@0, org.springframework.boot.test.autoconfigure.web.servlet.WebDriverContextCustomizerFactory$Customizer@752b06ea, org.springframework.boot.test.context.filter.ExcludeFilterContextCustomizer@5f72b749, org.springframework.boot.test.json.DuplicateJsonObjectContextCustomizerFactory$DuplicateJsonObjectContextCustomizer@b8e18ae, org.springframework.boot.test.mock.mockito.MockitoContextCustomizer@0, org.springframework.boot.test.web.client.TestRestTemplateContextCustomizer@5348801f, org.springframework.boot.test.context.SpringBootTestArgs@1, org.springframework.boot.test.context.SpringBootTestWebEnvironment@70b1e217], resourceBasePath = 'src/main/webapp', contextLoader = 'org.springframework.boot.test.context.SpringBootContextLoader', parent = [null]], attributes = map['org.springframework.test.context.web.ServletTestExecutionListener.activateListener' -> true, 'org.springframework.test.context.web.ServletTestExecutionListener.populatedRequestContextHolder' -> true, 'org.springframework.test.context.web.ServletTestExecutionListener.resetRequestContextHolder' -> true, 'org.springframework.test.context.event.ApplicationEventsTestExecutionListener.recordApplicationEvents' -> false]]; transaction manager [org.springframework.orm.jpa.JpaTransactionManager@478bc8ec]; rollback [false]
2021-06-11 00:33:02.896 DEBUG 7112 --- [    Test worker] org.hibernate.SQL                        : 
    call next value for hibernate_sequence
2021-06-11 00:33:02.923 DEBUG 7112 --- [    Test worker] org.hibernate.SQL                        : 
    call next value for hibernate_sequence
2021-06-11 00:33:03.087 DEBUG 7112 --- [    Test worker] org.hibernate.SQL                        : 
    insert 
    into
        categorytbl
        (a, b, c, d, id) 
    values
        (?, ?, ?, ?, ?)
2021-06-11 00:33:03.090 DEBUG 7112 --- [    Test worker] org.hibernate.SQL                        : 
    insert 
    into
        categorytbl
        (a, b, c, d, id) 
    values
        (?, ?, ?, ?, ?)
2021-06-11 00:33:03.097 DEBUG 7112 --- [    Test worker] org.hibernate.SQL                        : 
    select
        categorytb0_.id as id1_0_,
        categorytb0_.a as a2_0_,
        categorytb0_.b as b3_0_,
        categorytb0_.c as c4_0_,
        categorytb0_.d as d5_0_ 
    from
        categorytbl categorytb0_
2021-06-11 00:33:03.173  INFO 7112 --- [    Test worker] o.s.t.c.transaction.TransactionContext   : Committed transaction for test: [DefaultTestContext@738f1cfb testClass = CategoryRepositoryTest, testInstance = com.example.team.mission2.repository.CategoryRepositoryTest@536abca8, testMethod = readAll@CategoryRepositoryTest, testException = [null], mergedContextConfiguration = [WebMergedContextConfiguration@39f3e6a0 testClass = CategoryRepositoryTest, locations = '{}', classes = '{class com.example.team.mission2.Mission2Application}', contextInitializerClasses = '[]', activeProfiles = '{}', propertySourceLocations = '{}', propertySourceProperties = '{org.springframework.boot.test.context.SpringBootTestContextBootstrapper=true}', contextCustomizers = set[org.springframework.boot.test.autoconfigure.actuate.metrics.MetricsExportContextCustomizerFactory$DisableMetricExportContextCustomizer@68288cc3, org.springframework.boot.test.autoconfigure.properties.PropertyMappingContextCustomizer@0, org.springframework.boot.test.autoconfigure.web.servlet.WebDriverContextCustomizerFactory$Customizer@752b06ea, org.springframework.boot.test.context.filter.ExcludeFilterContextCustomizer@5f72b749, org.springframework.boot.test.json.DuplicateJsonObjectContextCustomizerFactory$DuplicateJsonObjectContextCustomizer@b8e18ae, org.springframework.boot.test.mock.mockito.MockitoContextCustomizer@0, org.springframework.boot.test.web.client.TestRestTemplateContextCustomizer@5348801f, org.springframework.boot.test.context.SpringBootTestArgs@1, org.springframework.boot.test.context.SpringBootTestWebEnvironment@70b1e217], resourceBasePath = 'src/main/webapp', contextLoader = 'org.springframework.boot.test.context.SpringBootContextLoader', parent = [null]], attributes = map['org.springframework.test.context.web.ServletTestExecutionListener.activateListener' -> true, 'org.springframework.test.context.web.ServletTestExecutionListener.populatedRequestContextHolder' -> true, 'org.springframework.test.context.web.ServletTestExecutionListener.resetRequestContextHolder' -> true, 'org.springframework.test.context.event.ApplicationEventsTestExecutionListener.recordApplicationEvents' -> false]]
]]></system-out>
  <system-err><![CDATA[]]></system-err>
</testsuite>
