<?xml version="1.0" encoding="UTF-8"?>
<testsuite name="com.example.team.mission2.repository.MemberRepositoryTest" tests="1" skipped="0" failures="0" errors="0" timestamp="2021-06-10T15:01:10" hostname="DESKTOP-03OQL8T" time="0.301">
  <properties/>
  <testcase name="testMember" classname="com.example.team.mission2.repository.MemberRepositoryTest" time="0.301"/>
  <system-out><![CDATA[00:01:04.772 [Test worker] DEBUG org.springframework.test.annotation.ProfileValueUtils - Retrieved @ProfileValueSourceConfiguration [null] for test class [com.example.team.mission2.repository.MemberRepositoryTest]
00:01:04.777 [Test worker] DEBUG org.springframework.test.annotation.ProfileValueUtils - Retrieved ProfileValueSource type [class org.springframework.test.annotation.SystemProfileValueSource] for class [com.example.team.mission2.repository.MemberRepositoryTest]
00:01:04.784 [Test worker] DEBUG org.springframework.test.annotation.ProfileValueUtils - Retrieved @ProfileValueSourceConfiguration [null] for test class [com.example.team.mission2.repository.MemberRepositoryTest]
00:01:04.786 [Test worker] DEBUG org.springframework.test.annotation.ProfileValueUtils - Retrieved ProfileValueSource type [class org.springframework.test.annotation.SystemProfileValueSource] for class [com.example.team.mission2.repository.MemberRepositoryTest]
00:01:04.800 [Test worker] DEBUG org.springframework.test.context.support.AbstractDirtiesContextTestExecutionListener - Before test class: context [DefaultTestContext@70e8da8a testClass = MemberRepositoryTest, testInstance = [null], testMethod = [null], testException = [null], mergedContextConfiguration = [WebMergedContextConfiguration@4164b353 testClass = MemberRepositoryTest, locations = '{}', classes = '{class com.example.team.mission2.Mission2Application}', contextInitializerClasses = '[]', activeProfiles = '{}', propertySourceLocations = '{}', propertySourceProperties = '{org.springframework.boot.test.context.SpringBootTestContextBootstrapper=true}', contextCustomizers = set[org.springframework.boot.test.autoconfigure.actuate.metrics.MetricsExportContextCustomizerFactory$DisableMetricExportContextCustomizer@3c8bba27, org.springframework.boot.test.autoconfigure.properties.PropertyMappingContextCustomizer@0, org.springframework.boot.test.autoconfigure.web.servlet.WebDriverContextCustomizerFactory$Customizer@69baf3eb, org.springframework.boot.test.context.filter.ExcludeFilterContextCustomizer@5dd7203c, org.springframework.boot.test.json.DuplicateJsonObjectContextCustomizerFactory$DuplicateJsonObjectContextCustomizer@74a4eab6, org.springframework.boot.test.mock.mockito.MockitoContextCustomizer@0, org.springframework.boot.test.web.client.TestRestTemplateContextCustomizer@7898a966, org.springframework.boot.test.context.SpringBootTestArgs@1, org.springframework.boot.test.context.SpringBootTestWebEnvironment@427c55cb], resourceBasePath = 'src/main/webapp', contextLoader = 'org.springframework.boot.test.context.SpringBootContextLoader', parent = [null]], attributes = map['org.springframework.test.context.web.ServletTestExecutionListener.activateListener' -> true]], class annotated with @DirtiesContext [false] with mode [null].
00:01:04.807 [Test worker] DEBUG org.springframework.test.annotation.ProfileValueUtils - Retrieved @ProfileValueSourceConfiguration [null] for test class [com.example.team.mission2.repository.MemberRepositoryTest]
00:01:04.808 [Test worker] DEBUG org.springframework.test.annotation.ProfileValueUtils - Retrieved ProfileValueSource type [class org.springframework.test.annotation.SystemProfileValueSource] for class [com.example.team.mission2.repository.MemberRepositoryTest]
00:01:04.849 [Test worker] DEBUG org.springframework.test.context.support.TestPropertySourceUtils - Adding inlined properties to environment: {spring.jmx.enabled=false, org.springframework.boot.test.context.SpringBootTestContextBootstrapper=true}

  .   ____          _            __ _ _
 /\\ / ___'_ __ _ _(_)_ __  __ _ \ \ \ \
( ( )\___ | '_ | '_| | '_ \/ _` | \ \ \ \
 \\/  ___)| |_)| | | | | || (_| |  ) ) ) )
  '  |____| .__|_| |_|_| |_\__, | / / / /
 =========|_|==============|___/=/_/_/_/
 :: Spring Boot ::                (v2.5.0)

2021-06-11 00:01:05.284  INFO 11432 --- [    Test worker] c.e.t.m.repository.MemberRepositoryTest  : Starting MemberRepositoryTest using Java 11.0.11 on DESKTOP-03OQL8T with PID 11432 (started by Pc in C:\Users\Pc\Desktop\업무\ab2-3_mission_2)
2021-06-11 00:01:05.287  INFO 11432 --- [    Test worker] c.e.t.m.repository.MemberRepositoryTest  : No active profile set, falling back to default profiles: default
2021-06-11 00:01:07.208  INFO 11432 --- [    Test worker] .s.d.r.c.RepositoryConfigurationDelegate : Bootstrapping Spring Data JPA repositories in DEFAULT mode.
2021-06-11 00:01:07.238  INFO 11432 --- [    Test worker] .s.d.r.c.RepositoryConfigurationDelegate : Finished Spring Data repository scanning in 14 ms. Found 0 JPA repository interfaces.
2021-06-11 00:01:07.973  INFO 11432 --- [    Test worker] o.hibernate.jpa.internal.util.LogHelper  : HHH000204: Processing PersistenceUnitInfo [name: default]
2021-06-11 00:01:08.043  INFO 11432 --- [    Test worker] org.hibernate.Version                    : HHH000412: Hibernate ORM core version 5.4.31.Final
2021-06-11 00:01:08.236  INFO 11432 --- [    Test worker] o.hibernate.annotations.common.Version   : HCANN000001: Hibernate Commons Annotations {5.1.2.Final}
2021-06-11 00:01:08.380  INFO 11432 --- [    Test worker] com.zaxxer.hikari.HikariDataSource       : HikariPool-1 - Starting...
2021-06-11 00:01:08.459  INFO 11432 --- [    Test worker] com.zaxxer.hikari.HikariDataSource       : HikariPool-1 - Start completed.
2021-06-11 00:01:08.500  INFO 11432 --- [    Test worker] org.hibernate.dialect.Dialect            : HHH000400: Using dialect: org.hibernate.dialect.H2Dialect
2021-06-11 00:01:09.208 DEBUG 11432 --- [    Test worker] org.hibernate.SQL                        : 
    
    drop table if exists member CASCADE 
2021-06-11 00:01:09.213 DEBUG 11432 --- [    Test worker] org.hibernate.SQL                        : 
    
    drop sequence if exists hibernate_sequence
2021-06-11 00:01:09.217 DEBUG 11432 --- [    Test worker] org.hibernate.SQL                        : create sequence hibernate_sequence start with 1 increment by 1
2021-06-11 00:01:09.219 DEBUG 11432 --- [    Test worker] org.hibernate.SQL                        : 
    
    create table member (
       id bigint not null,
        username varchar(255),
        primary key (id)
    )
2021-06-11 00:01:09.221  INFO 11432 --- [    Test worker] o.h.e.t.j.p.i.JtaPlatformInitiator       : HHH000490: Using JtaPlatform implementation: [org.hibernate.engine.transaction.jta.platform.internal.NoJtaPlatform]
2021-06-11 00:01:09.232  INFO 11432 --- [    Test worker] j.LocalContainerEntityManagerFactoryBean : Initialized JPA EntityManagerFactory for persistence unit 'default'
2021-06-11 00:01:09.563  WARN 11432 --- [    Test worker] JpaBaseConfiguration$JpaWebConfiguration : spring.jpa.open-in-view is enabled by default. Therefore, database queries may be performed during view rendering. Explicitly configure spring.jpa.open-in-view to disable this warning
2021-06-11 00:01:10.151  WARN 11432 --- [    Test worker] ion$DefaultTemplateResolverConfiguration : Cannot find template location: classpath:/templates/ (please add some templates or check your Thymeleaf configuration)
2021-06-11 00:01:10.382  INFO 11432 --- [    Test worker] c.e.t.m.repository.MemberRepositoryTest  : Started MemberRepositoryTest in 5.52 seconds (JVM running for 7.08)
2021-06-11 00:01:10.384  INFO 11432 --- [    Test worker] o.s.b.a.ApplicationAvailabilityBean      : Application availability state LivenessState changed to CORRECT
2021-06-11 00:01:10.386  INFO 11432 --- [    Test worker] o.s.b.a.ApplicationAvailabilityBean      : Application availability state ReadinessState changed to ACCEPTING_TRAFFIC
2021-06-11 00:01:10.504  INFO 11432 --- [    Test worker] o.s.t.c.transaction.TransactionContext   : Began transaction (1) for test context [DefaultTestContext@70e8da8a testClass = MemberRepositoryTest, testInstance = com.example.team.mission2.repository.MemberRepositoryTest@4c66ffc, testMethod = testMember@MemberRepositoryTest, testException = [null], mergedContextConfiguration = [WebMergedContextConfiguration@4164b353 testClass = MemberRepositoryTest, locations = '{}', classes = '{class com.example.team.mission2.Mission2Application}', contextInitializerClasses = '[]', activeProfiles = '{}', propertySourceLocations = '{}', propertySourceProperties = '{org.springframework.boot.test.context.SpringBootTestContextBootstrapper=true}', contextCustomizers = set[org.springframework.boot.test.autoconfigure.actuate.metrics.MetricsExportContextCustomizerFactory$DisableMetricExportContextCustomizer@3c8bba27, org.springframework.boot.test.autoconfigure.properties.PropertyMappingContextCustomizer@0, org.springframework.boot.test.autoconfigure.web.servlet.WebDriverContextCustomizerFactory$Customizer@69baf3eb, org.springframework.boot.test.context.filter.ExcludeFilterContextCustomizer@5dd7203c, org.springframework.boot.test.json.DuplicateJsonObjectContextCustomizerFactory$DuplicateJsonObjectContextCustomizer@74a4eab6, org.springframework.boot.test.mock.mockito.MockitoContextCustomizer@0, org.springframework.boot.test.web.client.TestRestTemplateContextCustomizer@7898a966, org.springframework.boot.test.context.SpringBootTestArgs@1, org.springframework.boot.test.context.SpringBootTestWebEnvironment@427c55cb], resourceBasePath = 'src/main/webapp', contextLoader = 'org.springframework.boot.test.context.SpringBootContextLoader', parent = [null]], attributes = map['org.springframework.test.context.web.ServletTestExecutionListener.activateListener' -> true, 'org.springframework.test.context.web.ServletTestExecutionListener.populatedRequestContextHolder' -> true, 'org.springframework.test.context.web.ServletTestExecutionListener.resetRequestContextHolder' -> true, 'org.springframework.test.context.event.ApplicationEventsTestExecutionListener.recordApplicationEvents' -> false]]; transaction manager [org.springframework.orm.jpa.JpaTransactionManager@1eff055e]; rollback [true]
2021-06-11 00:01:10.623 DEBUG 11432 --- [    Test worker] org.hibernate.SQL                        : 
    call next value for hibernate_sequence
2021-06-11 00:01:10.717  INFO 11432 --- [    Test worker] o.s.t.c.transaction.TransactionContext   : Rolled back transaction for test: [DefaultTestContext@70e8da8a testClass = MemberRepositoryTest, testInstance = com.example.team.mission2.repository.MemberRepositoryTest@4c66ffc, testMethod = testMember@MemberRepositoryTest, testException = [null], mergedContextConfiguration = [WebMergedContextConfiguration@4164b353 testClass = MemberRepositoryTest, locations = '{}', classes = '{class com.example.team.mission2.Mission2Application}', contextInitializerClasses = '[]', activeProfiles = '{}', propertySourceLocations = '{}', propertySourceProperties = '{org.springframework.boot.test.context.SpringBootTestContextBootstrapper=true}', contextCustomizers = set[org.springframework.boot.test.autoconfigure.actuate.metrics.MetricsExportContextCustomizerFactory$DisableMetricExportContextCustomizer@3c8bba27, org.springframework.boot.test.autoconfigure.properties.PropertyMappingContextCustomizer@0, org.springframework.boot.test.autoconfigure.web.servlet.WebDriverContextCustomizerFactory$Customizer@69baf3eb, org.springframework.boot.test.context.filter.ExcludeFilterContextCustomizer@5dd7203c, org.springframework.boot.test.json.DuplicateJsonObjectContextCustomizerFactory$DuplicateJsonObjectContextCustomizer@74a4eab6, org.springframework.boot.test.mock.mockito.MockitoContextCustomizer@0, org.springframework.boot.test.web.client.TestRestTemplateContextCustomizer@7898a966, org.springframework.boot.test.context.SpringBootTestArgs@1, org.springframework.boot.test.context.SpringBootTestWebEnvironment@427c55cb], resourceBasePath = 'src/main/webapp', contextLoader = 'org.springframework.boot.test.context.SpringBootContextLoader', parent = [null]], attributes = map['org.springframework.test.context.web.ServletTestExecutionListener.activateListener' -> true, 'org.springframework.test.context.web.ServletTestExecutionListener.populatedRequestContextHolder' -> true, 'org.springframework.test.context.web.ServletTestExecutionListener.resetRequestContextHolder' -> true, 'org.springframework.test.context.event.ApplicationEventsTestExecutionListener.recordApplicationEvents' -> false]]
]]></system-out>
  <system-err><![CDATA[]]></system-err>
</testsuite>
